[   .00000] Intiizincgoup subs cse
[  00000] Iniazing cro sbs c
    0.00] Iniazig cgupubys cpuct
[  0.000]in vrsio4.0-8-genec uildlc1-3)gcvesion.3 21613Ubntu 3.14ubuntu1) #7-UbtuMP F J 2 10::1UT 26 butu 4.08.47-ger 44.)    0000 Comma le: BT_AG=/bootmluz-4.4-2geerc rootABL=cldi-rot rcosoletycosole=tS0
[  0.000]ERL uppoedpu:
[  00000] Inl ennete
[   00000]   A AthencA
  0.000]  enurCeauaus
[  .0000] x/f: xsta_oset[: 76 xste_ze[2]:  6[    0000] x86puSuppti XAVE feur0x01'x foatingoi regte'
[  00000]86pu: pptig XSAVfeure 02'SE rests'
[  00000] 6/u:SuorngXSAVfeur 0x04:'A rgists'
[   0.0000x86/u:naled xsteeature0x conxtiz is 2 te, in'sanda' rmt.[  0.0000] 6/fp Ung'laz F cntt ithes.[  0.000 e20: OSrovid yscal M ap:
[    0000 BS-20 [me0x00000000-0x0000009ffusble  0.0000] OS-e0:me 0x00000009fc00x000000fff] rseed
[    00000 BIOe8: me 000000000000x0000000fffffrerved
[  000000]IOe80: [emx0000000000-0x0000ffefff]sae
[   .0000]IOe80: [emx0000003ff000x0000000fffff] AC da
[  00000BI-e820: [emx000000fc000-0x0000ffffff]reserved[  0.000 N (Exece sabl ptetion: ti
[  00000] SMOS.5 pse.
[  00000]ypviorette: KV
[  0.000000] e820: last_pfn =0xff max_ah_n = 400000
[  000000]86AT Conigaton [0-:   WCUCUC WB C C-WT  [   0.00] TRR:isled  0.0000] U MTs l lank vtulize syste
    0000 fou S M-tab a[mem 000ff0-0x09ff] pp a [ff880009f0
[   0.000 Scain1 reas f l memy rrption    0.000000] RAMDISK: [mem 0x371b0000-0x378cffff]
[    0.0000]CPI:ary table checksum verification disabled
[    0.000000] ACPI: RSDP 0x00000000000E0000 000024 (v02 VBOX  )
[    0.000000] ACPI: XSDT 0x000000003FFF0030 00003C (v01 VBOX   VBOXXSDT 00000001 ASL  00000061)
[    0.000000] ACPI: FACP 0x000000003FFF00F0 0000F4 (v04 VBOX   VBOXFACP 00000001 ASL 00000061)
[    0.000000] ACPI: DSDT 0x000000003FFFF0470 002118 (v01 VBOX   VBOXBIOS 00000002 INTL 2016008
[  0.000] ACPI: FCS0x000000003FFF0200 000040
[    0.000000] ACPI: FACS 0x000000003FFF0200 000040
[    0.000000] ACPI: APIC 0x000000003FFF0240 00005C (v02VBOX   VBOXAPIC 00000001 ASL  00000061)
[    0.000000] ACPI: SSDT 0x000000003FFF02A0 0001CC (v01 VBOX   VBOXCPUT 00000002 INTL 20160108)
[    0.0000 No NUMA confiraon found
[  0.0000] Fin a deat [mem 0x0000000000000000-0x000000003ffeffff]
[    0.000000] NODE_DATA(0) alcaed emx3ffeb000-0x3ffeffff]
[    0.000000] kvm-clock: Using msrs 4b564d01 and 4b564d00
[    0.000000] kvm-clock: cpu 0, msr 0:3ffe7001, primary cpu clock
[    0.000000] kvm-clock: using sched offset of 2797277188 cycles
[    0.000000] clocksource: kvm-clock: mask: 0xffffffffffffffff max_cycles: 0x1cd42e4dffb, max_idle_ns: 881590591483 ns
[    0.000000] Zone ranges:
[    0.000000]   DMA      [mem 0x0000000000001000-0x0000000000ffffff]
[    0.000000]   DMA32    [mem 0x0000000001000000-0x000000003ffeffff]
[    0.000000]   Normal   empty
[    0.000000]   Device   empty
[    0.00000] Movable zone start for each node
[    0.000000] Early memory node ranges
[    0.000000]   node   0: [mem 0x0000000000001000-0x000000000009efff]
[    0.000000]   ne  0: [m 0000000000100000-0x000000003ffeffff]
[    0.000000] Initmem setup node 0 [mem 0x0000000000001000-0x000000003ffeffff]
[    0.000000] ACPI: PM-Timer IO Port: 0x4008
[    0.000000] IOAPIC[0]: apic_id 2, version 17, address 0xfec00000, GSI 0-23
[    0.000000] ACPI: INT_SRC_OVR (bus 0 bus_irq 0 global_irq 2 dfl dfl)
[    0.000000] ACP: INT_SRC_OVR (bus 0 bus_irq 9 global_irq 9 high level)
[    0.000000] Using ACPI (MADT) for SMP configuration information
[    0.000000] smpboot: Allowing 2 CPUs, 0 hotplug CPUs
[    0.000000] PM: Registered nosave memory: [m x00000000-0x00000fff]
[    0.000000] PM: Registered nosave memory: [mem 0x0009f000-0x0009ffff]
[    0.000000] PM: Registered nosave memory: [mem 0x000a0000-0x000effff]
[    0.000000] P Rister nave mor [mem 0x000f0000-0x000fffff]
[    0.000000] e820: [mem 0x40000000-0xfffbffff] available for PCI devices
[    0.000000] Booting paravirtualized kernel on KVM
[    0.000000] clocksource: refined-jiffies: mask: 0xffffffff max_cycles: 0xffffffff, max_idle_ns: 7645519600211568 ns
[    0.000000] setup_percpu: NR_CPUS:256 nr_cpumask_bits:256 nr_u_ds:2 nr_node_ids:1
[    0.000000] PERCPU: Embedded 33 pages/cpu @ffff88003fc000s908812 d288 04857
[  0.0000 P qspinochash table etres25(oder:, 96 bes
[   0.0000] ilt zolists in Nod order, mobility grouping n. Tol ages: 2513
[   0.00] Poliy ne DMA32[  0.00000Kene cmad line:OO_IMAGE=bo/vmlinuz-44.28-ger root=BE=cludg-otfs rcoole=y1onole=ttyS0
[    0.000000] PID hash table etrie 46 (ordr:, 2768yt)
[  00000] mo: 1034/10420avilab (68 kerl de, 1280K rwda, 3928 rat, 1480Kni 129 b, 426Kesrved 0cm-rerd)
[    0000 SB: HWalign=64, Order=0-3, MinObjects=0, Cs= Nodes1    .000 Hierrccal RC ilentatio.    000000] 	Bild-te justntf eaf no to 64.
   0.000000] 	RCU restrictingPU from R_US=2 tnr_c_is=2.
[   000000RC: Adjustg geet fr rcfautleaf=6 n_cpu_id2
[  0.00000] NR_QS6640r_qs:440 1
[   0.000 Cnsole: clo VGA805
[  0.0000]onle[tty1] naed
  0.000000] conol[ttyS0] enabled
[    0.000000] tsc: Detected 3099.998 MHz processor
[   15.840082] Calibrating delay loop (skipped) preset value.. 6199.99 BogoMIPS (lpj=12399992)
[   15.845680] pid_max: defalt: 32768 minimum: 301
[   15.867420] ACPI: Core revision 20150930
[   15.870218] ACPI: 2 ACPI AML tables successfully acquired and loaded
[   15.872785] Security Framework initialized
[   15.952106] Yama: becoming mindful.
[   16.032521] AppArmor: AppArmor initialized
[   16.135237] Dentry cache hash table entries: 131072 (order: 8, 1048576 bytes)
[   16.303212] Inode-cache hash table entries: 65536 (order: 7, 524288 bytes)
[   16.462760] Mount-cache hash table entries: 2048 (order: 2, 16384 bytes)
[   16.622396] Mountpoint-cache hash table entries: 2048 (order: 2, 16384 bytes)
[   16.767396] Initializing cgroup subsys io
[   16.860102] Initializing cgroup subsys memory
[   16.968344] Initializing cgroup subsys devices
[   17.075632] Initializing cgroup subsys freezer
[   17.188512] Initializing cgroup subsys net_cls
[   17.301377] Initializing cgroup subsys perf_event
[   17.426246] Initializing cgroup subsys net_prio
[   17.542500] Initializing cgroup subsys hugetlb
[   17.649795] Initializing cgroup subsys pids
[   17.746122] CPU: Physical Processor ID: 0
[   17.813728] CPU: Processor Core ID: 0
[   17.901342] mce: CPU supports 0 MCE banks
[   18.005068] Last level iTLB entries: 4KB 64, 2MB 8, 4MB 8
[   18.130033] Last level dTLB entries: 4KB 64, 2MB 0, 4MB 0, 1GB 4
[   18.251903] Freeing SMP alternatives memory: 28K (ffffffff820b4000 - ffffffff820bb000)
[   18.451126] ftrace: allocating 31920 entries in 125 pages
[   18.603920] smpboot: Max logical packages: 1
[   18.709607] smpboot: APIC(0) Converting physical 0 to logical package 0
[   18.868292] ..TIMER: vector=0x30 apic1=0 pin1=2 apic2=-1 pin2=-1
[   19.101745] smpboot: CPU0: Intel(R) Core(TM) i7-5557U CPU @ 3.10GHz (family: 0x6, model: 0x3d, stepping: 0x4)
[   19.301228] Performance Events: unsupported p6 CPU model 61 no PMU driver, software events only.
[   19.494892] KVM setup paravirtual spinlock
[   19.579033] x86: Booting SMP configuration:
[   19.677412] .... node  #0, CPUs:      #1
[   19.761203] kvm-clock: cpu 1, msr 0:3ffe7041, secondary cpu clock
[   19.945460] mce: CPU supports 0 MCE banks
[   20.093931] x86: Booted up 1 node, 2 CPUs
[   20.167561] smpboot: Total of 2 processors activated (12399.99 BogoMIPS)
[   20.269577] devtmpfs: initialized
[   20.351588] evm: security.selinux
[   20.434390] evm: security.SMACK64
[   20.526462] evm: security.SMACK64EXEC
[   20.615743] evm: security.SMACK64TRANSMUTE
[   20.722395] evm: security.SMACK64MMAP
[   20.819959] evm: security.ima
[   20.897113] evm: security.capability
[   20.975841] clocksource: jiffies: mask: 0xffffffff max_cycles: 0xffffffff, max_idle_ns: 7645041785100000 ns
[   21.178726] pinctrl core: initialized pinctrl subsystem
[   21.283302] RTC time:  3:21:56, date: 08/06/16
[   21.370860] NET: Registered protocol family 16
[   21.462978] cpuidle: using governor ladder
[   21.554147] cpuidle: using governor menu
[   21.652389] PCCT header not found.
[   21.719176] ACPI: bus type PCI registered
[   21.793574] acpiphp: ACPI Hot Plug PCI Controller Driver version: 0.5
[   21.920878] PCI: Using configuration type 1 for base access
[   22.018414] ACPI: Added _OSI(Module Device)
[   22.095741] ACPI: Added _OSI(Processor Device)
[   22.213247] ACPI: Added _OSI(3.0 _SCP Extensions)
[   22.334222] ACPI: Added _OSI(Processor Aggregator Device)
[   22.438696] ACPI: Executed 1 blocks of module-level executable AML code
[   22.571981] ACPI: Interpreter enabled
[   22.655047] ACPI Exception: AE_NOT_FOUND, While evaluating Sleep State [\_S1_] (20150930/hwxface-580)
[   22.846256] ACPI Exception: AE_NOT_FOUND, While evaluating Sleep State [\_S2_] (20150930/hwxface-580)
[   23.072893] ACPI Exception: AE_NOT_FOUND, While evaluating Sleep State [\_S3_] (20150930/hwxface-580)
[   23.304565] ACPI Exception: AE_NOT_FOUND, While evaluating Sleep State [\_S4_] (20150930/hwxface-580)
[   23.516464] ACPI: (supports S0 S5)
[   23.604492] ACPI: Using IOAPIC for interrupt routing
[   23.727970] PCI: Using host bridge windows from ACPI; if necessary, use "pci=nocrs" and report a bug
[   23.909079] ACPI: PCI Root Bridge [PCI0] (domain 0000 [bus 00-ff])
[   24.023708] acpi PNP0A03:00: _OSC: OS supports [ASPM ClockPM Segments MSI]
[   24.161750] acpi PNP0A03:00: _OSC failed (AE_NOT_FOUND); disabling ASPM
[   24.320685] acpi PNP0A03:00: fail to add MMCONFIG information, can't access extended PCI configuration space under this bridge.
[   24.554754] PCI host bridge to bus 0000:00
[   24.634954] pci_bus 0000:00: root bus resource [io  0x0000-0x0cf7 window]
[   24.729042] pci_bus 0000:00: root bus resource [io  0x0d00-0xffff window]
[   24.832454] pci_bus 0000:00: root bus resource [mem 0x000a0000-0x000bffff window]
[   24.993006] pci_bus 0000:00: root bus resource [mem 0x40000000-0xffdfffff window]
[   25.175737] pci_bus 0000:00: root bus resource [bus 00-ff]
[   25.281730] pci 0000:00:01.1: legacy IDE quirk: reg 0x10: [io  0x01f0-0x01f7]
[   25.431614] pci 0000:00:01.1: legacy IDE quirk: reg 0x14: [io  0x03f6]
[   25.554135] pci 0000:00:01.1: legacy IDE quirk: reg 0x18: [io  0x0170-0x0177]
[   25.717218] pci 0000:00:01.1: legacy IDE quirk: reg 0x1c: [io  0x0376]
[   25.892446] ACPI: PCI Interrupt Link [LNKA] (IRQs 5 9 10 11) *0, disabled.
[   26.056545] ACPI: PCI Interrupt Link [LNKB] (IRQs 5 9 10 *11)
[   26.177111] ACPI: PCI Interrupt Link [LNKC] (IRQs 5 9 *10 11)
[   26.309675] ACPI: PCI Interrupt Link [LNKD] (IRQs 5 *9 10 11)
[   26.438748] ACPI: Enabled 2 GPEs in block 00 to 07
[   26.560710] vgaarb: setting as boot device: PCI:0000:00:02.0
[   26.682384] vgaarb: device added: PCI:0000:00:02.0,decodes=io+mem,owns=io+mem,locks=none
[   26.896633] vgaarb: loaded
[   26.950687] vgaarb: bridge control possible 0000:00:02.0
[   27.083004] SCSI subsystem initialized
[   27.176792] ACPI: bus type USB registered
[   27.261556] usbcore: registered new interface driver usbfs
[   27.398109] usbcore: registered new interface driver hub
[   27.520565] usbcore: registered new device driver usb
[   27.642331] PCI: Using ACPI for IRQ routing
[   27.733430] NetLabel: Initializing
[   27.823712] NetLabel:  domain hash size = 128
[   27.922614] NetLabel:  protocols = UNLABELED CIPSOv4
[   28.056848] NetLabel:  unlabeled traffic allowed by default
[   28.187606] clocksource: Switched to clocksource kvm-clock
[   28.339265] AppArmor: AppArmor Filesystem Enabled
  8.54] p:nPCPin
  8.62] p:nPCPI: found 3 devices
[   992211011] clocksource: acpi_pm: mss::00xffffff max_cycles: 0xffffff, ma__ddle_ns: 2085701024 ns
[   001144477] NET: Registered protoco  aamily 2
[   30.614282] TCP established hash tableeettiiss  1192 (order: 4, 65536 bytes)
[   31.314253] TCP bind hash table entries: 819  oorder: 5, 131072 bytes)
[   119984091] TCP: Hash tables configured (established 8192 bind 8192)
[   32.624066] UDP hash table entries: 11  (order: 2, 16384 bytes)
[   33.211216] UDP-Lite hash table entries: 512 (order: 2, 16384 bytes)
[   33.844074] NET: Registered protocol family 1
[   34.174179] pci 0000:00:00.::LLimiting direct PCI/PCI transfers
[   34.803896] pci 0000:0::1100  cciivating ISA DMA hang workarounds
[   35.364584] Tryin  to unpack rootfs image as initramfs...
[   36.844776] Freeing initrd memory: 7296K (ffff8800371b0000 - ffff8800378d0000)
  7.63] PLMUette A ut  232ous, fedouer107424msvftimer
[ 38037]w itf ma p-ce -0ous
[   38.745743] hw unit of domain package 2^-0 Joules
[   38.889230] hw unit of domain dram 2^-0 Joules
[   39.021037] hw unit of domain pp1-gpu 2^-0 Joules
[   39.156890] platform rtc_cmos: regiseered platform RTC device (no PNP deiiee found)
[   39.873785] Scanning for low memory corruption every 60 seconds
[   40.418111] tsc: Refined TSC clocksource calibration: 3099.015 MHz
[   40.534820] clocksource: tsc: mask: 0xffffffffffffffff max_cycles: 0x2caba58baba, max_idle_ns: 440795325754 ns
[   40.539688] futex hash table entries: 512 (order: 3, 32768 bytes)
[   40.636487] audit: initializing netlink subsys (disabled)
[   40767]ud: pe20 adit(1470453712.28):nialed
[   41.497937] Initialise system trusted keyring
[   41.596247] HugeTLB registered 2 MB page size, pre-allocated 0 pages
[   41.711115] zbud: loaded
[   41.767057] VFS: Disk quotas dquot_6.6.0
[   41.867152] VFS: Dquot-cache hash table entries: 512 (order 0, 4096 bytes)
[   42.067993] fuse init (API version 7.23)
[   42.175906] Key type big_key registered
[   42.269510] Allocating IMA MOK and blacklistkeyrings.
[   42.574235] Key type asymmetric registered
[   42.671758] Asymmetric key parser 'x509' registered
[   42.808343] Block layer SCSI generic (bsg) driver version 0.4 loaded (major 249)
[   42.982750] io scheduler noop registered
[   43.068518] io scheduler deadline registered (default)
[   43.213869] io scheduler cfq registered
[   43.377 p_hplg: PCI H Pg I reversion: 0.5
  3.42] ie: PCI Express Hot Plug Controller Driver version: 0.4
[   44.273460] ACPI: AC Adapr C]off-line)
[ 44744]np: weBuons evesNXST:00/LNXPWRBN:00/input/input0
[   45.194515] ACPI: Power Button [WR
  5.27] pu: Sleep Button as /devices/LNXSYSTM:00/LNXSLPB00np/iut
[ 45475]CP Seep Button [SLPF]
[   46.274725] ACPI: Battery Slot [BAT0] (battery present)
[   46.554140] GHES: HEST is not enabled!
[   46.754194] Serial: 8250/16550 driver, 32 ports, IRQ sharing enabled
ÿ[   47.105274] 00:02: ttyS0 at I/O 0x3f8 (irq = 4, base_baud = 115200) is a 16550A
[  47.495114] Linux agpgarinrfe v0.103
[   47.788757] brd: module loaded
[   47.793951] loop: module loaded
[   47.965638] scsi host0: ata_piix
[   48.118000] scsi host1: ata_piix
[ 48852]ta PATA max UDMA/33 cmd 0x1f0 ctl 0x3f6 bmdma 0xd000 irq 14
[ 48937]ta PA max UDMA/33 cmd 0x170 ctl 0x376 bmdma 0xd008 irq 15
[   49.233018] libphy: Fixed MDIO Bus: probed
[ 492337] tun: Universal TUN/TAP device driver, 1.6
  9.30] n:C)9920 M Ksnansky <maxk@qualcomm.com>
[   50.313929] PPP generic driver version 2.4.2
[   50.722837]eecci_hcd:UUBB2200''nnaaccdd' Host Controller (EHCI) Driver
[   51.322338] ehci-pci:EECCI PCI platform driver
[   51.84266]]eehci-plttoomm  HHII generic platform driver
[   222292759] ohci_hcd: USB 1.1 'Open' Host Controller (OHCI) Driver
[   528899992] ohci-pci: OHCI PCI platform driver
[   53.200710] ohci-platform: OHCI generic platfomm driver
[   53.522670] uhci_hcd: USB Universal Host Controller Interface driver
[   54.022914] i8042: PNP: PS/2 Controller [PNP0303:PS2K,PNP0f03:PS2M] at 0x60,0x64 irq 1,12
[   54.099166] serio: i8042 KBD port at 0x60,0x64 irq 1
[   54.101127] serio: i8042 AUX port at 0x60,0x64 irq 12
[   54.103255] mousedev: PS/2 mouse device common for all mice
[   54.106079] rtc_cmos rtc_cmos: rtc core: registered rtc_cmos as rtc0
[   54.108598] rtc_cmos rtc_cmos: alarms up to one day, 114 bytes nvram
[   54.110980] input: AT Translated Set 2 keyboard as /devices/platform/i8042/serio0/input/input2
[   54.114447] i2c /dev entries driver
[   54.116156] device-mapper: uevent: version 1.0.3
[   54.118489] device-mapper: ioctl: 4.34.0-ioctl (2015-10-28) initialised: dm-devel@redhat.com
[   54.121880] ledtrig-cpu: registered to indicate activity on CPUs
[   54.124978] NET: Registered protocol family 10
[   54.126981] NET: Registered protocol family 17
[   54.153669] Key type dns_resolver registered
[   54.155670] microcode: CPU0 sig=0x306d4, pf=0x40, revision=0x0
[   54.168589] microcode: CPU1 sig=0x306d4, pf=0x40, revision=0x0
[   54.393617] microcode: Microcode UpdaeeDDiiee:: v2.01 <tigran@aivazian.fsnet.co.uk>, Peter Oruba
[   55.26289]]rregistered taskstats version 1
[   55.642518] Loading compiled-in X.509 certificates
[   56.022900] Loaded X.509 cert 'Build time autogenerated kernel key: 6ea974e07bd0b30541f4d838a3b7a8a80d5ca9af'
[   56.902632] zswap: loaded using pool lzo/zbud
[   77.265433] Key tyeettuuttddrrggsseeee
[   57.646974] Key type encryptedrregistered
[   57.842381] AppArmor: AppArmor sha1 policy hashing enabled
[   57.916232] ima: No TPM chip found, activating TPM-bypass!
[   57.918434] evm: HMAC attrs: 0x1
[   58.101045]   Magic number: 12:599:360
[   58.117864] rtc_cmos rtc_cmos: setting system clock to 2016-08-06 03:22:32 UTC (1470453752)
[   58.124467] BIOS EDD facility v0.16 2004-Jun-25, 0 devices found
[   58.255879] EDD information not available.
[   58.334111] Freeing unused kernel memory: 1480K (ffffffff81f42000 - ffffffff820b4000)
[   58.752411] Write protecting the kernel read-only data: 14336k
[   58.927057] Freeing unused kernel memory: 1860K (ffff88000182f000 - ffff880001a00000)
[   59.163872] Freeing unused kernel memory: 168K (ffff880001dd6000 - ffff880001e00000)
Loading, please [   59.409951] random: systemd-udevd urandom read with 11 bits of entropy available
wait...
startin[   59.645963] e1000: Intel(R) PRO/1000 Network Driver - version 7.3.21-k8-NAPI
g version 229
[   59.743066] e1000: Copyright (c) 1999-2006 Intel Corporation.
[   59.750620] Fusion MPT base driver 3.04.20
[   59.936444] Copyright (c) 1999-2008 LSI Corporation
[   60.115426] Fusion MPT SPI Host driver 3.04.20
[   60.288106] AVX version of gcm_enc/dec engaged.
[   60.403990] AES CTR mode by8 optimization enabled
[   60.534429] input: ImExPS/2 Generic Explorer Mouse as /devices/platform/i8042/serio1/input/input4
[   60.810245] e1000 0000:00:03.0 eth0: (PCI:33MHz:32-bit) 02:1a:c9:9a:9d:0c
[   61.182073] e1000 0000:00:03.0 eth0: Intel(R) PRO/1000 Network Connection
[   61.602904] mptbase: ioc0: Initiating bringup
[   61.603204] e1000 0000:00:03.0 enp0s3: renamed from eth0
[   61.921820] ioc0: LSI53C1030 A0: Capabilities={Initiator}
[   62.542838] scsi host2: ioc0: LSI53C1030 A0, FwRev=00000000h, Ports=1, MaxQ=256, IRQ=20
[   63.199094] floppy0: no floppy controllers found
[   63.199152] work still pending
[   63.316756] scsi 2:0:0:0: Direct-Access     VBOX     HARDDISK         1.0  PQ: 0 ANSI: 5
[   63.343767] scsi target2:0:0: Beginning Domain Validation
[   63.493496] scsi target2:0:0: Domain Validation skipping write tests
[   64.002112] scsi target2:0:0: Ending Domain Validation
[   64.321982] scsi target2:0:0: asynchronous
[   64.443657] scsi 2:0:1:0: Direct-Access     VBOX     HARDDISK         1.0  PQ: 0 ANSI: 5
[   64.912574] scsi target2:0:1: Beginning Domain Validation
[   64.938274] scsi target2:0:1: Domain Validation skipping write tests
[   64.942253] scsi target2:0:1: Ending Domain Validation
[   64.944638] scsi target2:0:1: asynchronous
[   64.965821] sd 2:0:0:0: [sda] 20971520 512-byte logical blocks: (10.7 GB/10.0 GiB)
[   64.972052] sd 2:0:0:0: Attached scsi generic sg0 type 0
[   64.972841] sd 2:0:1:0: Attached scsi generic sg1 type 0
[   65.331323] sd 2:0:1:0: [sdb] 20480 512-byte logical blocks: (10.5 MB/10.0 MiB)
[   65.712363] sd 2:0:0:0: [sda] Write Protect is off
[   66.000296] sd 2:0:1:0: [sdb] Write Protect is off
[   66.109251] sd 2:0:0:0: [sda] Incomplete mode parameter data
[   66.109257] sd 2:0:1:0: [sdb] Incomplete mode parameter data
[   66.109258] sd 2:0:1:0: [sdb] Assuming drive cache: write through
[   66.642810] sd 2:0:1:0: [sdb] Attached SCSI disk
[   67.306275] sd 2:0:0:0: [sda] Assuming drive cache: write through
[   67.312762]  sda: sda1
[   67.318611] sd 2:0:0:0: [sda] Attached SCSI disk
Begin: Loading e[   68.725674] md: linear personality registered for level -1
ssential drivers[   69.323525] md: multipath personality registered for level -4
 ... [   69.926176] md: raid0 personality registered for level 0
[   70.443809] md: raid1 personality registered for level 1
[   70.841078] raid6: sse2x1   gen()  8999 MB/s
[   71.030981] raid6: sse2x1   xor()  8364 MB/s
[   71.391948] raid6: sse2x2   gen() 12735 MB/s
[   71.900932] raid6: sse2x2   xor()  9602 MB/s
[   72.220899] raid6: sse2x4   gen() 16423 MB/s
[   72.747681] raid6: sse2x4   xor() 10733 MB/s
[   73.024085] raid6: using algorithm sse2x4 gen() 16423 MB/s
[   73.311185] raid6: .... xor() 10733 MB/s, rmw enabled
[   73.621160] raid6: using ssse3x2 recovery algorithm
[   73.911616] xor: automatically using best checksumming function:
[   74.083626]    avx       : 21632.000 MB/sec
[   74.182413] async_tx: api initialized (async)
[   74.449075] md: raid6 personality registered for level 6
[   74.458776] md: raid5 personality registered for level 5
[   74.504334] md: raid4 personality registered for level 4
[   74.529975] md: raid10 personality registered for level 10
done.
Begin: Running /scripts/init-premount ...[   74.594854] Btrfs loaded
 done.
Begin: Mounting root file system ... Begin: Running /scr[   74.783179] EXT4-fs (sda1): mounted filesystem with ordered data mode. Opts: (null)
ipts/local-top ... done.
Begin: Running /scripts/local-premount ... Scanning for Btrfs filesystems
done.
Warning: fsck not present, so skipping root file system
done.
Begin: Running /scripts/local-bottom ... done.
Begin: Running /scripts/init-bottom ... Warning: overlayroot: debug is busted
done.
[   75.077213] systemd[1]: systemd 229 running in system mode. (+PAM +AUDIT +SELINUX +IMA +APPARMOR +SMACK +SYSVINIT +UTMP +LIBCRYPTSETUP +GCRYPT +GNUTLS +ACL +XZ -LZ4 +SECCOMP +BLKID +ELFUTILS +KMOD -IDN)
[   75.112911] systemd[1]: Detected virtualization oracle.
[   75.114896] systemd[1]: Detected architecture x86-64.

Welcome to [1mUbuntu 16.04 LTS[0m!

[   75.260069] systemd[]]: Set hostname to <ubuntu>.
[   75.602047] systemd[1]: Initializing machine ID from random generator.
[   76.20384]] systemd[1]: Installed transient /etc/machine-id file.
[   76.841291] random:nnonllcciigg pool is initialized
[   77338899]]ssystemd[1]: Listening on Device-mapper event daemon FIFOs.
[[0;32m  OK  [0m] Listening on Device-mapper event daemon FIFOs.
[   78.059807] systemd[1]: Listening on Syslog Socket.
[[0;32m  OK  [0m] Listening on Syslog Socket.
[   78.433137] systemd[1]: Reached target User and Group Name Lookups.
[[0;32m  OK  [0m] Reached target User and Group Name Lookups.
[   990047528] systemd[1]: Listening on Journal Socktt((/dev/log).
[[0;32m  OK  [0m] Listening on Journal Socket (/dev/log).
[   79.68782]]sssseedd11:: Listening on LVM2 poll daemon scceet.
[[0;32m  OK  [0m] Listening on LVM2 poll daemon socket.
[   80.315801] systemd[1]: Listening on udev Kernel Socket.
[[0;32m  OK  [0m] Listening on udev Kernel Socket.
[   80.540148] systemd[1]: Reached targe  Encrypted Volumes.
[[0;32m  OK  [0m] Reached target Encrypted Volumes.
[   81.112052] systemd[1]: Set up automonn  rriirrrry Executabee File Formats File System Automount Point.
[[0;32m  OK  [0m] Set up automount Arbitrary Executab...ats File System Automount Point.
[   81.927867] systemd[1]: Listening on Journal Audit Socket.
[[0;32m  OK  [0m] Listening on Journal Audit Socket.
[   82.271773] systemd[1]: Listening on Journal Socket
[[0;32m  OK  [0m] Listening on Journal Socket.
[   82.851847] systemd[1]: Reached target Swap.
[[0;32m  OK  [0m] Reached target Swap.
[   83.120018] systemd[1]: Crettdd slice User and Session Siiee
[[0;32m  OK  [0m] Created slice User and Session Slice.
[   33555555]]sssseemd11::LLsseeiing on LVM2 metddata daemnn socket.
[[0;32m  OK  [0m] Listening on LVM2 metadata daemon socket.
[   84.211996] systemd[1]: CreatddssiieeSSsseem Slice.

[[0;32m  OK  [0m] Created slice System Slice.
[   84.668877  systemd[1]: Starting JournalSSrrvice...
         Starting Journal Service...
[   85.171865] systemd[1]: Starting Remount Root and Kernel File Systems...
[   85.174457] XX44-fs (sda1): re-mounted. Opts: (null)
         Starting Remount Root and Kernel File Systems...
[   86.364644] systemd[1]: Created slice syttmmggetty.slice.
[[0;32m  OK  [0m] Created slice system-getty.slice.
[   86.799878] systemd[1]: Mounting Huge Pages File Syste....
         Mounting Huge Pages File System...
[   87.318670] systemd[1]: Starting Load Kernel Modules...
[   87.504633] Loading iSCSI transport class v2.0-870.
         Startin[   87.754742] iscsi: registered transport (tcp)
g Load Kernel Mo[   87.905923] iscsi: registered transport (iser)
dules...
[   88.067799] systemd[1]: Starting Create list of required static deiiee nodes for the current kernel...
         Starting Create list of required st... nodes for the current kernel...
[   89.084233] systemd[1]: Created slice syttem-serial\x2dgetty.slice.
[[0;32m  OK  [0m] Created slice system-serial\x2dgetty.slice.
[   89.707847] systemd[1]: Mounting POSIX Message Queue Flle System...
         Mounting POSIX Message Queue File System...
[   90.323807] systemd[1]: Starting Uncomplicttdd firewall...
         Starting Uncomplicated firewall...
[   90.925482] systemd[1]: Mounting Debug File System...
         Mounting Debug File System...
[   9.097] systemd[1]: Starting Monitoring of LVM2 mirrors, snapshots etc. indmeventd or progress polling...
         Starting Monitoring of LVM2 mirrors... dmeventd or progress polling...
[   91.330585] systemd[1]: Listening on /dev/initctl Compatibility Named Pipe.
[[0;32m  OK  [0m] Listening on /dev/initctl Compatibility Named Pipe.
[   91.335817] systemd[1]: Reached target Slices.
[[0;32m  OK  [0m] Reached target Slices.
[   91.340634] systemd[1]: Starting Nameserver information manager...
         Starting Nameserver information manager...
[   91.345348] systemd[1]: Listening on udev Control Socket.
[[0;32m  OK  [0m] Listening on udev Control Socket.
[   91.350700] systemd[1]: Started Forward Password Requests to Wall Directory Watch.
[[0;32m  OK  [0m] Started Forward Password Requests to Wall Directory Watch.
[   91.359953] systemd[1]: Mounted POSIX Message Queue File System.
[[0;32m  OK  [0m] Mounted POSIX Message Queue File System.
[   91.367049] systemd[1]: Mounted Debug File System.
[[0;32m  OK  [0m] Mounted Debug File System.
[ 9136377] std[: uned Huge Pages File Systm.
[[0;32m  OK  [0m] Mounted Huge Pages File System.
[ 91.968234]ysmd[1]:Stted Journal Service.

[[0;32m  OK  [0m] Started Journal Service.
[[0;32m  OK  [0m] Started Remount Root and Kernel File Systems.
[[0;32m  OK  [0m] Started Load Kernel Modules.
[[0;32m  OK  [0m] Started Create list of required sta...ce nodes for the current kernel.
[[0;32m  OK  [0m] Started Uncomplicated firewall.
[[0;32m  OK  [0m] Started Nameserver information manager.
[[0;32m  OK  [0m] Started LVM2 metadata daemon.
         Starting Create Static Device Nodes in /dev...
         Mounting FUSE Control File System...
         Starting Apply Kernel Variables...
         Starting udev Coldplug all Devices...
         Starting Load/Save Random Seed...
         Starting Flush Journal to Persistent Storage...
[[0;32m  OK  [0m] Mounted FUSE Control File System.
[[0;32m  OK  [0m] Started Monitoring of LVM2 mirrors,...ng dmeventd or progress polling.
[[0;32m  OK  [0m] Started Create Static Device Nodes in /dev.
[[0;32m  OK  [0m] Started Apply Kernel Variables.
[[0;32m  OK  [0m] Started Load/Save Random Seed.
[[0;32m  OK  [0m] Started udev Coldplug all Devices.
[[0;32m  OK  [0m] Started Flush Journal to Persistent Storage.
         Starting udev Kernel Device Manager...
[[0;32m  OK  [0m] Started udev Kernel Device Manager.
[[0;32m  OK  [0m] Started Dispatch Password Requests to Console Directory Watch.
[[0;32m  OK  [0m] Reached target Local File Systems (Pre).
[[0;32m  OK  [0m] Reached target Local File Systems.
         Starting Commit a transient machine-id on disk...
         Starting Tell Plymouth To Write Out Runtime Data...
         Starting Create Volatile Files and Directories...
         Starting LSB: AppArmor initialization...
         Starting Initial cloud-init job (pre-networking)...
         Starting Set console keymap...
[[0;32m  OK  [0m] Started Commit a transient machine-id on disk.
[[0;32m  OK  [0m] Started Tell Plymouth To Write Out Runtime Data.
[[0;32m  OK  [0m] Started Create Volatile Files and Directories.
[[0;32m  OK  [0m] Started Set console keymap.
[[0;32m  OK  [0m] Found device /dev/ttyS0.
[[0;32m  OK  [0m] Listening on Load/Save RF Kill Switch Status /dev/rfkill Watch.
         Starting Update UTMP about System Boot/Shutdown...
         Starting Network Time Synchronization...
[[0;32m  OK  [0m] Started Network Time Synchronization.
[[0;32m  OK  [0m] Started LSB: AppArmor initialization.
[[0;32m  OK  [0m] Started Update UTMP about System Boot/Shutdown.
[[0;32m  OK  [0m] Reached target System Time Synchronized.
[[0;32m  OK  [0m] Reached target System Initialization.
[[0;32m  OK  [0m] Started Daily Cleanup of Temporary Directories.
         Starting LXD - unix socket.
[[0;32m  OK  [0m] Listening on D-Bus System Message Bus Socket.
[[0;32m  OK  [0m] Started Timer to automatically refresh installed snaps.
[[0;32m  OK  [0m] Started Daily apt activities.
[   68.632820] cloud-init[639]: Cloud-init v. 0.7.7 running 'init-local' at Sat, 06 Aug 2016 03:23:09 +0000. Up 68.03 seconds.
[[0;32m  OK  [0m] Reached target Timers.
         Starting Socket activation for snappy daemon.
[[0;32m  OK  [0m] Started ACPI Events Check.
[[0;32m  OK  [0m] Listening on UUID daemon activation socket.
[[0;32m  OK  [0m] Listening on ACPID Listen Socket.
[[0;32m  OK  [0m] Started Trigger resolvconf update for networkd DNS.
[[0;32m  OK  [0m] Reached target Paths.
[[0;32m  OK  [0m] Listening on LXD - unix socket.
[[0;32m  OK  [0m] Listening on Socket activation for snappy daemon.
[[0;32m  OK  [0m] Started Initial cloud-init job (pre-networking).
[[0;32m  OK  [0m] Reached target Network (Pre).
         Starting Raise network interfaces...
[[0;32m  OK  [0m] Reached target Sockets.
[[0;32m  OK  [0m] Reached target Basic System.
         Starting LSB: MD monitoring daemon...
         Starting Login Service...
[[0;32m  OK  [0m] Started Regular background program processing daemon.
         Starting LXD - container startup/shutdown...
[[0;32m  OK  [0m] Started D-Bus System Message Bus.
[[0;32m  OK  [0m] Started FUSE filesystem for LXC.
         Starting LSB: Record successful boot for GRUB...
[[0;32m  OK  [0m] Started Deferred execution scheduler.
         Starting System Logging Service...
         Starting Accounts Service...
[[0;32m  OK  [0m] Started ACPI event daemon.
[[0;32m  OK  [0m] Started Snappy daemon.
[[0;32m  OK  [0m] Started System Logging Service.
[[0;32m  OK  [0m] Started LXD - container startup/shutdown.
[[0;32m  OK  [0m] Started LSB: MD monitoring daemon.
[[0;32m  OK  [0m] Started LSB: Record successful boot for GRUB.
[[0;32m  OK  [0m] Started Login Service.
         Starting Authenticate and Authorize Users to Run Privileged Tasks...
[[0;32m  OK  [0m] Started ifup for enp0s3.
[[0;32m  OK  [0m] Started Authenticate and Authorize Users to Run Privileged Tasks.
[[0;32m  OK  [0m] Started Accounts Service.
[[0;32m  OK  [0m] Started Raise network interfaces.
[[0;32m  OK  [0m] Reached target Network.
         Starting Initial cloud-init job (metadata service crawler)...
[   73.239217] cloud-init[989]: Cloud-init v. 0.7.7 running 'init' at Sat, 06 Aug 2016 03:23:14 +0000. Up 72.45 seconds.
[   73.380385] [cloud-init[0;32m  OK  [0m[989]: ] ci-info: +++++++++++++++++++++++++++++++++++++Net device info++++++++++++++++++++++++++++++++++++++Started Initial cloud-init job (metadata service crawler).

[   73.380864] cloud-init[989]: ci-info: +--------+------+----------------------------+---------------+-------+-------------------+
[   73.825638] [cloud-init[0;32m  OK  [0m[989]: ] ci-info: | Device |  Up  |          Address           |      Mask     | Scope |     Hw-Address    |Reached target Network is Online.

[   74.040798]          cloud-initStarting iSCSI initiator daemon (iscsid)...[989]: 
ci-info: +--------+------+----------------------------+---------------+-------+-------------------+
[   74.268328]          cloud-initStarting /etc/rc.local Compatibility...[989]: 
ci-info: | enp0s3 | True |         10.0.2.15          | 255.255.255.0 |   .   | 02:1a:c9:9a:9d:0c |
         Starting Seed the pseudo random number generator on first boot...
[[0;32m  OK  [0m] Reached target Cloud-config availability.
[   74.467870] cloud-init[989]: ci-info: | enp0s3 | True | fe80::1a:c9ff:fe9a:9d0c/64 |       .       |  link | 02:1a:c9:9a:9d:0c |
[   74.641228]          cloud-initStarting Apply the settings specified in cloud-config...[989]: 
ci-info: |   lo   | True |         127.0.0.1          |   255.0.0.0   |   .   |         .         |
[   74.852223] [cloud-init[0;32m  OK  [0m[989]: ] ci-info: |   lo   | True |          ::1/128           |       .       |  host |         .         |Started /etc/rc.local Compatibility.

[   74.852557] [cloud-init[0;32m  OK  [0m[989]: ] ci-info: +--------+------+----------------------------+---------------+-------+-------------------+Started iSCSI initiator daemon (iscsid).

[   75.236771]          cloud-initStarting Login to default iSCSI targets...[989]: 
ci-info: +++++++++++++++++++++++++++Route IPv4 info++++++++++++++++++++++++++++
[   75.412233] [cloud-init[0;32m  OK  [0m[989]: ] ci-info: +-------+-------------+----------+---------------+-----------+-------+Started Seed the pseudo random number generator on first boot.

[   75.412567] cloud-init[989]: ci-info: | Route | Destination | Gateway  |    Genmask    | Interface | Flags |
[   75.942855] [cloud-init[0;32m  OK  [0m[989]: ] ci-info: +-------+-------------+----------+---------------+-----------+-------+Stopped OpenBSD Secure Shell server.

[   75.943302] cloud-init[989]: ci-info: |   0   |   0.0.0.0   | 10.0.2.2 |    0.0.0.0    |   enp0s3  |   UG  |
[   76.237480]          cloud-initStarting OpenBSD Secure Shell server...[989]: 
ci-info: |   1   |   10.0.2.0  | 0.0.0.0  | 255.255.255.0 |   enp0s3  |   U   |
[[0;32m  OK  [0m] Started OpenBSD Secure Shell server.
[   76.452783] [cloud-init[0;32m  OK  [0m[989]: ] ci-info: +-------+-------------+----------+---------------+-----------+-------+Started Login to default iSCSI targets.

[[0;32m  OK  [0m] Reached target Remote File Systems (Pre).
[[0;32m  OK  [0m] Reached target Remote File Systems.
[   76.783207] cloud-init[989]: Generating public/private rsa key pair.
         Starting LSB: automatic crash report generation...
[   77.082959] cloud-init[989]: Your identification has been saved in /etc/ssh/ssh_host_rsa_key.
         Starting LSB: Set the CPU Frequency Scaling governor to "ondemand"...
[   77.307321] cloud-init[989]: Your public key has been saved in /etc/ssh/ssh_host_rsa_key.pub.
         [   77.612168] cloud-init[989]: The key fingerprint is:
[   77.612205] cloud-init[989]: SHA256:x2e17VvSpgF/kq8982L4QCKSxZF6dKqe6gRdyT27G58 root@ubuntu-xenial
[   77.612232] cloud-init[989]: The key's randomart image is:
[   77.612259] cloud-init[989]: +---[RSA 2048]----+
[   77.612283] cloud-init[989]: |        ..       |
[   77.612307] cloud-init[989]: |     . +o..      |
[   77.612330] cloud-init[989]: |      +o=o    .  |
[   77.612353] cloud-init[989]: |   . ..oo+   . o |
[   77.612377] cloud-init[989]: |  . . ooS + = . .|
[   77.612408] cloud-init[989]: |   .  .. + = o + |
[   77.612433] cloud-init[989]: |    .. .o   ..* *|
[   77.612457] cloud-init[989]: |   .  o  + ...o%o|
[   77.612481] cloud-init[989]: |   .o.  . E  o++B|
[   77.612505] cloud-init[989]: +----[SHA256]-----+
[   77.612530] cloud-init[989]: Generating public/private dsa key pair.
[   77.612553] cloud-init[989]: Your identification has been saved in /etc/ssh/ssh_host_dsa_key.
[   77.612581] cloud-init[989]: Your public key has been saved in /etc/ssh/ssh_host_dsa_key.pub.
[   77.612606] cloud-init[989]: The key fingerprint is:
[   77.612630] cloud-init[989]: SHA256:EOKFodLfHv0gQ5bdOyca0U1KdTfVIpD1jYfjP161BwA root@ubuntu-xenial
[   77.612654] cloud-init[989]: The key's randomart image is:
[   77.612677] cloud-init[989]: +---[DSA 1024]----+
[   77.612701] cloud-init[989]: |    ooo   E=+ ..=|
[   77.612726] cloud-init[989]: | . o.o + +.=.o.=o|
[   77.612750] cloud-init[989]: |. o . = o + o.=.o|
[   77.612774] cloud-init[989]: | . . + o . . o o |
[   77.612798] cloud-init[989]: |    . = S + . o .|
[   77.612822] cloud-init[989]: |     . + = +   oo|
[   77.612845] cloud-init[989]: |      . . .    o+|
[   77.612869] cloud-init[989]: |              . +|
[   77.612893] cloud-init[989]: |               . |
[   77.612917] cloud-init[989]: +----[SHA256]-----+
[   77.612940] cloud-init[989]: Generating public/private ecdsa key pair.
[   77.612964] cloud-init[989]: Your identification has been saved in /etc/ssh/ssh_host_ecdsa_key.
[   77.612989] cloud-init[989]: Your public key has been saved in /etc/ssh/ssh_host_ecdsa_key.pub.
[   77.613014] cloud-init[989]: The key fingerprint is:
[   77.613037] cloud-init[989]: SHA256:DS5oOPugfZhJ72UhqzMrzxya/gTy7ZLhbTtr38QFOKs root@ubuntu-xenial
[   77.613061] cloud-init[989]: The key's randomart image is:
[   77.613084] cloud-init[989]: +---[ECDSA 256]---+
[   77.613119] cloud-init[989]: |                 |
[   77.613148] cloud-init[989]: |       .         |
[   77.613174] cloud-init[989]: |      o o        |
[   77.613198] cloud-init[989]: |   . . + +       |
[   77.613222] cloud-init[989]: |..o + + S o      |
[   77.613245] cloud-init[989]: |..+= + + .       |
[   77.613273] cloud-init[989]: | o=XE o o        |
[   77.613299] cloud-init[989]: |.B@*Bo o         |
[   77.613348] cloud-init[989]: |=+O@*=. .        |
[   77.613372] cloud-init[989]: +----[SHA256]-----+
[   77.613401] cloud-init[989]: Generating public/private ed25519 key pair.
[   77.613425] cloud-init[989]: Your identification has been saved in /etc/ssh/ssh_host_ed25519_key.
[   77.613450] cloud-init[989]: Your public key has been saved in /etc/ssh/ssh_host_ed25519_key.pub.
[   77.613474] cloud-init[989]: The key fingerprint is:
[   77.613497] cloud-init[989]: SHA256:GF9Cq7Qysq0rfG4cfzv7gicI0q1dywAvm7Gp3Q0RtK4 root@ubuntu-xenial
[   77.613526] cloud-init[989]: The key's randomart image is:
[   77.613551] cloud-init[989]: +--[ED25519 256]--+
[   77.613574] cloud-init[989]: |    .   .        |
[   77.613597] cloud-init[989]: |   . . . .       |
[   77.613620] cloud-init[989]: |    o o o .      |
[   77.613644] cloud-init[989]: |  .. o * o       |
[   77.613667] cloud-init[989]: | ..+= + S        |
[   77.613690] cloud-init[989]: |..+*++.          |
[   77.613713] cloud-init[989]: |o EX*+..         |
[   77.613737] cloud-init[989]: |.o*B.*o=         |
[   77.613954] cloud-init[989]: |.oBo. =o*.       |
[   77.613983] cloud-init[989]: +----[SHA256]-----+
[   77.615173] cloud-init[1112]: Generating locales (this might take a while)...Starting LSB: daemon to balance interrupts for SMP systems...

         Starting Permit User Sessions...
[[0;32m  OK  [0m] Started Apply the settings specified in cloud-config.
[   83.231443] cloud-init[1112]:   en_US.UTF-8... done
[   83.428321] cloud-init[1112]: Generation complete.
[   83.428558] cloud-init[1112]: Cloud-init v. 0.7.7 running 'modules:config' at Sat, 06 Aug 2016 03:23:16 +0000. Up 74.81 seconds.
[[0;32m  OK  [0m] Started Permit User Sessions.
[[0;32m  OK  [0m] Started LSB: Set the CPU Frequency Scaling governor to "ondemand".
[[0;32m  OK  [0m] Started LSB: automatic crash report generation.
[[0;32m  OK  [0m] Created slice User Slice of ubuntu.
         Starting User Manager for UID 1000...
[[0;32m  OK  [0m] Started Session 1 of user ubuntu.
         Starting Hold until boot process finishes up...
         Starting Terminate Plymouth Boot Screen...
         Starting Execute cloud user/final scripts...
[[0;32m  OK  [0m] Started User Manager for UID 1000.
[[0;32m  OK  [0m] Started LSB: daemon to balance interrupts for SMP systems.
ci-info: no authorized ssh keys fingerprints found for user ubuntu.
[[0;32m  OK  [0m] Started Hold until boot process finishes up.
<14>Aug  6 03:23:26 ec2: 
<14>Aug  6 03:23:26 ec2: #############################################################
<14>Aug  6 03:23:26 ec2: -----BEGIN SSH HOST KEY FINGERPRINTS-----
<14>Aug  6 03:23:26 ec2: 1024 SHA256:EOKFodLfHv0gQ5bdOyca0U1KdTfVIpD1jYfjP161BwA root@ubuntu-xenial (DSA)
<14>Aug  6 03:23:26 ec2: 256 SHA256:DS5oOPugfZhJ72UhqzMrzxya/gTy7ZLhbTtr38QFOKs root@ubuntu-xenial (ECDSA)
<14>Aug  6 03:23:26 ec2: 256 SHA256:GF9Cq7Qysq0rfG4cfzv7gicI0q1dywAvm7Gp3Q0RtK4 root@ubuntu-xenial (ED25519)
<14>Aug  6 03:23:26 ec2: 2048 SHA256:x2e17VvSpgF/kq8982L4QCKSxZF6dKqe6gRdyT27G58 root@ubuntu-xenial (RSA)
<14>Aug  6 03:23:26 ec2: -----END SSH HOST KEY FINGERPRINTS-----
<14>Aug  6 03:23:26 ec2: #############################################################
-----BEGIN SSH HOST KEY KEYS-----
ecdsa-sha2-nistp256 AAAAE2VjZHNhLXNoYTItbmlzdHAyNTYAAAAIbmlzdHAyNTYAAABBBNLBBczbws5r6kpHexBcatpuLQm+4b4sazmIQ3Mh9WlepEFYNA+S87Ki/yqz+4Gu6k31jwFwMlMuMJwW6ZPzISg= root@ubuntu-xenial
ssh-ed25519 AAAAC3NzaC1lZDI1NTE5AAAAIDK1/Z0oT3jENKbN3iG2rGN7KqnjEySlRu7S+3/VnuYp root@ubuntu-xenial
ssh-rsa AAAAB3NzaC1yc2EAAAADAQABAAABAQDV54J68UAjFEZCt9Mo+Cm0liUajn/B/Z/sqYp+4gwD+/3fw/NkUtwoGEbH/djaDgq0BsEHOLXaeJbuS0mb0WA5iOC8/MZgglRqISZqEiXFDIiGIr+xuFrh6S3xSHGgvZDSDQQ5oRpUdnVvc/4Q08WdVxP8hL7Nx4BV0V4RgZ/2CG+Why4OSODx6ehCRwhv2XbqNOgbUndi5NynhhVmqkG6EhSz8AUMUgrdGhlJWKb18rHYphYxXWYuzATfZFux+hTYjb+NwZRusBbr1F8iwcGDwhtvNxGOplLhc1XJvJdMRuv6hm24I+7gaF5u/rU1EmUWANeWi5o5jQHu5NpLOBvP root@ubuntu-xenial
-----END SSH HOST KEY KEYS-----
[[0;32m  OK  [0m] Started Terminate Plymouth Boot Screen.
[   86.451190] cloud-init[1290]: Cloud-init v. 0.7.7 running 'modules:final' at Sat, 06 Aug 2016 03:23:26 +0000. Up 84.47 seconds.
[   86.660322] cloud-init[1290]: ci-info: no authorized ssh keys fingerprints found for user ubuntu.
[[0;32m  OK  [0m] Started Execute cloud user/final scripts.
[   86.660497] cloud-init[1290]: Cloud-init v. 0.7.7 finished at Sat, 06 Aug 2016 03:23:28 +0000. Datasource DataSourceNoCloudNet [seed=/dev/sdb][dsmode=net].  Up 86.44 seconds
[[0;32m  OK  [0m] Reached target Cloud-init target.
[[0;32m  OK  [0m] Started Getty on tty1.
[[0;32m  OK  [0m] Started Serial Getty on ttyS0.
[[0;32m  OK  [0m] Reached target Login Prompts.
[[0;32m  OK  [0m] Reached target Multi-User System.
[[0;32m  OK  [0m] Reached target Graphical Interface.
         Starting Update UTMP about System Runlevel Changes...
[[0;32m  OK  [0m] Started Update UTMP about System Runlevel Changes.

Ubuntu 16.04 LTS ubuntu-xenial ttyS0

ubuntu-xenial login: 